Feb 03, 2025 10:37:16 P.M. LoggingInterceptor handleRequest
INFO: 4
Feb 03, 2025 10:37:19 P.M. LoggingInterceptor handleRequest
INFO: 1
Feb 03, 2025 10:37:39 P.M. LoggingInterceptor handleRequest
INFO: Flight number is 777, type is PRIVATE
Feb 03, 2025 10:37:48 P.M. LoggingInterceptor handleRequest
INFO: 2
Feb 03, 2025 10:37:59 P.M. LoggingInterceptor handleRequest
INFO: Controlling 7771
Feb 03, 2025 10:38:15 P.M. LoggingInterceptor handleRequest
INFO: 3
Feb 03, 2025 10:38:27 P.M. LoggingInterceptor handleRequest
INFO: 1
Feb 03, 2025 10:38:47 P.M. LoggingInterceptor handleRequest
INFO: 2
Feb 03, 2025 10:38:54 P.M. LoggingInterceptor handleRequest
INFO: Controlling 7772
Feb 03, 2025 10:39:03 P.M. LoggingInterceptor handleRequest
INFO: 4
Feb 03, 2025 10:39:08 P.M. LoggingInterceptor handleRequest
INFO: Q
